<?xml version="1.0" encoding="UTF-8"?>
<testng-results ignored="0" total="2" passed="2" failed="0" skipped="0">
  <reporter-output>
  </reporter-output>
  <suite started-at="2021-10-30T09:38:07 IST" name="Suite" finished-at="2021-10-30T09:38:07 IST" duration-ms="0">
    <groups>
    </groups>
  </suite> <!-- Suite -->
  <suite started-at="2021-10-30T09:38:07 IST" name="Suite (1)" finished-at="2021-10-30T09:38:07 IST" duration-ms="0">
    <groups>
    </groups>
    <test started-at="2021-10-30T09:38:07 IST" name="Test" finished-at="2021-10-30T09:38:07 IST" duration-ms="0">
    </test> <!-- Test -->
  </suite> <!-- Suite (1) -->
  <suite started-at="2021-10-30T09:37:12 IST" name="Suite (0)" finished-at="2021-10-30T09:38:07 IST" duration-ms="55511">
    <groups>
    </groups>
    <test started-at="2021-10-30T09:37:12 IST" name="Test" finished-at="2021-10-30T09:38:07 IST" duration-ms="55511">
      <class name="test1Selenium.AllTest">
        <test-method signature="test()[pri:0, instance:test1Selenium.AllTest@52719fb6]" started-at="2021-10-30T09:37:22 IST" name="test" finished-at="2021-10-30T09:38:07 IST" duration-ms="45037" status="PASS">
          <reporter-output>
          </reporter-output>
        </test-method> <!-- test -->
      </class> <!-- test1Selenium.AllTest -->
      <class name="test1Selenium.BasicTest">
        <test-method signature="test()[pri:0, instance:test1Selenium.BasicTest@7d4f9aae]" started-at="2021-10-30T09:37:12 IST" name="test" finished-at="2021-10-30T09:37:22 IST" duration-ms="10399" status="PASS">
          <reporter-output>
          </reporter-output>
        </test-method> <!-- test -->
      </class> <!-- test1Selenium.BasicTest -->
    </test> <!-- Test -->
  </suite> <!-- Suite (0) -->
</testng-results>
